<?xml version="1.0" encoding="UTF-8"?>
<!-- Generated by org.testng.reporters.JUnitXMLReporter -->
<testsuite ignored="7" hostname="Nice" failures="0" tests="3" name="Test" time="23.821" errors="0" timestamp="2025-07-16T14:02:59 IST">
  <testcase classname="testClasses.LoginPageTestClass" name="verifySuccessfullLogin" time="5.263"/>
  <testcase classname="testClasses.LoginPageTestClass" name="verifyLogo" time="0.038"/>
  <testcase classname="testClasses.DashboardTestClass" name="verifyCalenderIsClickable" time="5.069"/>
  <testcase classname="testClasses.LoginPageTestClass" name="verifyRememberMeCheckbox" time="0.0">
    <ignored/>
  </testcase> <!-- verifyRememberMeCheckbox -->
  <testcase classname="testClasses.DashboardTestClass" name="verifyBugMenuClick" time="0.0">
    <ignored/>
  </testcase> <!-- verifyBugMenuClick -->
  <testcase classname="testClasses.DashboardTestClass" name="verifySearchMenu" time="0.0">
    <ignored/>
  </testcase> <!-- verifySearchMenu -->
  <testcase classname="testClasses.DashboardTestClass" name="verifyPaymentSalaryNavigation" time="0.0">
    <ignored/>
  </testcase> <!-- verifyPaymentSalaryNavigation -->
  <testcase classname="testClasses.LoginPageTestClass" name="verifyUnSuccessfullLogin" time="0.0">
    <ignored/>
  </testcase> <!-- verifyUnSuccessfullLogin -->
  <testcase classname="baseClass.BaseClass" name="@BeforeSuite createReport" time="0.0">
    <ignored/>
  </testcase> <!-- @BeforeSuite createReport -->
  <testcase classname="testClasses.DashboardTestClass" name="verifyUrl" time="0.0">
    <ignored/>
  </testcase> <!-- verifyUrl -->
</testsuite> <!-- Test -->
