<?xml version="1.0" encoding="UTF-8"?>
<!-- Generated by org.testng.reporters.JUnitXMLReporter -->
<testsuite ignored="3" hostname="Nice" failures="0" tests="3" name="Default test" time="12.868" errors="0" timestamp="2025-07-14T09:28:59 IST">
  <testcase classname="testClasses.LoginPageTestClass" name="verifyUnSuccessfullLogin" time="0.559"/>
  <testcase classname="testClasses.LoginPageTestClass" name="verifyUnSuccessfullLogin" time="0.551"/>
  <testcase classname="testClasses.LoginPageTestClass" name="verifyUnSuccessfullLogin" time="0.602"/>
  <testcase classname="testClasses.LoginPageTestClass" name="verifyRememberMeCheckbox" time="0.0">
    <ignored/>
  </testcase> <!-- verifyRememberMeCheckbox -->
  <testcase classname="testClasses.LoginPageTestClass" name="verifySuccessfullLogin" time="0.0">
    <ignored/>
  </testcase> <!-- verifySuccessfullLogin -->
  <testcase classname="testClasses.LoginPageTestClass" name="verifyLogo" time="0.0">
    <ignored/>
  </testcase> <!-- verifyLogo -->
</testsuite> <!-- Default test -->
