<?xml version="1.0" encoding="UTF-8"?>
<!-- Generated by org.testng.reporters.JUnitXMLReporter -->
<testsuite ignored="1" hostname="Nice" failures="0" tests="3" name="Test" time="11.703" errors="0" timestamp="2025-07-16T14:44:37 IST">
  <testcase classname="testClasses.LoginPageTestClass" name="verifySuccessfullLogin" time="5.064"/>
  <testcase classname="testClasses.LoginPageTestClass" name="verifyLogo" time="0.036"/>
  <testcase classname="testClasses.LoginPageTestClass" name="verifyRememberMeCheckbox" time="0.388"/>
  <testcase classname="testClasses.LoginPageTestClass" name="verifyUnSuccessfullLogin" time="0.0">
    <ignored/>
  </testcase> <!-- verifyUnSuccessfullLogin -->
</testsuite> <!-- Test -->
