<?xml version="1.0" encoding="UTF-8"?>
<!-- Generated by org.testng.reporters.JUnitXMLReporter -->
<testsuite ignored="1" hostname="Nice" failures="0" tests="3" name="Test2" time="18.773" errors="0" timestamp="2025-07-16T15:05:29 IST">
  <testcase classname="testClasses.LoginPageTestClass" name="verifySuccessfullLogin" time="5.77"/>
  <testcase classname="testClasses.LoginPageTestClass" name="verifyLogo" time="0.045"/>
  <testcase classname="testClasses.LoginPageTestClass" name="verifyRememberMeCheckbox" time="0.461"/>
  <testcase classname="testClasses.LoginPageTestClass" name="verifyUnSuccessfullLogin" time="0.0">
    <ignored/>
  </testcase> <!-- verifyUnSuccessfullLogin -->
</testsuite> <!-- Test2 -->
