<?xml version="1.0" encoding="UTF-8"?>
<!-- Generated by org.testng.reporters.JUnitXMLReporter -->
<testsuite ignored="1" hostname="Nice" failures="0" tests="3" name="Chrome Test" time="11.896" errors="0" timestamp="2025-07-16T14:39:07 IST">
  <testcase classname="testClasses.LoginPageTestClass" name="verifySuccessfullLogin" time="4.916"/>
  <testcase classname="testClasses.LoginPageTestClass" name="verifyLogo" time="0.031"/>
  <testcase classname="testClasses.LoginPageTestClass" name="verifyRememberMeCheckbox" time="0.42"/>
  <testcase classname="testClasses.LoginPageTestClass" name="verifyUnSuccessfullLogin" time="0.0">
    <ignored/>
  </testcase> <!-- verifyUnSuccessfullLogin -->
</testsuite> <!-- Chrome Test -->
