<?xml version="1.0" encoding="UTF-8"?>
<!-- Generated by org.testng.reporters.JUnitXMLReporter -->
<testsuite ignored="1" hostname="Nice" failures="0" tests="3" name="Edge Test" time="13.923" errors="0" timestamp="2025-07-16T14:39:21 IST">
  <testcase classname="testClasses.LoginPageTestClass" name="verifySuccessfullLogin" time="4.391"/>
  <testcase classname="testClasses.LoginPageTestClass" name="verifyLogo" time="0.039"/>
  <testcase classname="testClasses.LoginPageTestClass" name="verifyRememberMeCheckbox" time="0.391"/>
  <testcase classname="testClasses.LoginPageTestClass" name="verifyUnSuccessfullLogin" time="0.0">
    <ignored/>
  </testcase> <!-- verifyUnSuccessfullLogin -->
</testsuite> <!-- Edge Test -->
