<?xml version="1.0" encoding="UTF-8"?>
<testng-results ignored="3" total="6" passed="3" failed="0" skipped="0">
  <reporter-output>
  </reporter-output>
  <suite started-at="2025-07-14T09:28:46 IST" name="Default suite" finished-at="2025-07-14T09:28:59 IST" duration-ms="12868">
    <groups>
    </groups>
    <test started-at="2025-07-14T09:28:46 IST" name="Default test" finished-at="2025-07-14T09:28:59 IST" duration-ms="12868">
      <class name="testClasses.LoginPageTestClass">
        <test-method is-config="true" signature="beforeMethod()[pri:0, instance:testClasses.LoginPageTestClass@7770f470]" started-at="2025-07-14T09:28:47 IST" name="beforeMethod" finished-at="2025-07-14T09:28:54 IST" duration-ms="6866" status="PASS">
          <reporter-output>
          </reporter-output>
        </test-method> <!-- beforeMethod -->
        <test-method signature="verifyUnSuccessfullLogin(java.lang.String,java.lang.String)[pri:0, instance:testClasses.LoginPageTestClass@7770f470]" started-at="2025-07-14T09:28:54 IST" name="verifyUnSuccessfullLogin" data-provider="unsuccessfullLogin" finished-at="2025-07-14T09:28:54 IST" duration-ms="559" status="PASS">
          <params>
            <param index="0">
              <value>
                <![CDATA[admin]]>
              </value>
            </param>
            <param index="1">
              <value>
                <![CDATA[admin123]]>
              </value>
            </param>
          </params>
          <reporter-output>
          </reporter-output>
        </test-method> <!-- verifyUnSuccessfullLogin -->
        <test-method is-config="true" signature="afterMethod()[pri:0, instance:testClasses.LoginPageTestClass@7770f470]" started-at="2025-07-14T09:28:54 IST" name="afterMethod" finished-at="2025-07-14T09:28:54 IST" duration-ms="1" status="PASS">
          <reporter-output>
          </reporter-output>
        </test-method> <!-- afterMethod -->
        <test-method is-config="true" signature="beforeMethod()[pri:0, instance:testClasses.LoginPageTestClass@7770f470]" started-at="2025-07-14T09:28:54 IST" name="beforeMethod" finished-at="2025-07-14T09:28:56 IST" duration-ms="1522" status="PASS">
          <reporter-output>
          </reporter-output>
        </test-method> <!-- beforeMethod -->
        <test-method signature="verifyUnSuccessfullLogin(java.lang.String,java.lang.String)[pri:0, instance:testClasses.LoginPageTestClass@7770f470]" started-at="2025-07-14T09:28:56 IST" name="verifyUnSuccessfullLogin" data-provider="unsuccessfullLogin" finished-at="2025-07-14T09:28:56 IST" duration-ms="551" status="PASS">
          <params>
            <param index="0">
              <value>
                <![CDATA[admin123]]>
              </value>
            </param>
            <param index="1">
              <value>
                <![CDATA[123456]]>
              </value>
            </param>
          </params>
          <reporter-output>
          </reporter-output>
        </test-method> <!-- verifyUnSuccessfullLogin -->
        <test-method is-config="true" signature="afterMethod()[pri:0, instance:testClasses.LoginPageTestClass@7770f470]" started-at="2025-07-14T09:28:56 IST" name="afterMethod" finished-at="2025-07-14T09:28:56 IST" duration-ms="1" status="PASS">
          <reporter-output>
          </reporter-output>
        </test-method> <!-- afterMethod -->
        <test-method is-config="true" signature="beforeMethod()[pri:0, instance:testClasses.LoginPageTestClass@7770f470]" started-at="2025-07-14T09:28:56 IST" name="beforeMethod" finished-at="2025-07-14T09:28:58 IST" duration-ms="1710" status="PASS">
          <reporter-output>
          </reporter-output>
        </test-method> <!-- beforeMethod -->
        <test-method signature="verifyUnSuccessfullLogin(java.lang.String,java.lang.String)[pri:0, instance:testClasses.LoginPageTestClass@7770f470]" started-at="2025-07-14T09:28:58 IST" name="verifyUnSuccessfullLogin" data-provider="unsuccessfullLogin" finished-at="2025-07-14T09:28:59 IST" duration-ms="602" status="PASS">
          <params>
            <param index="0">
              <value>
                <![CDATA[admin123]]>
              </value>
            </param>
            <param index="1">
              <value>
                <![CDATA[admin123]]>
              </value>
            </param>
          </params>
          <reporter-output>
          </reporter-output>
        </test-method> <!-- verifyUnSuccessfullLogin -->
        <test-method is-config="true" signature="afterMethod()[pri:0, instance:testClasses.LoginPageTestClass@7770f470]" started-at="2025-07-14T09:28:59 IST" name="afterMethod" finished-at="2025-07-14T09:28:59 IST" duration-ms="1" status="PASS">
          <reporter-output>
          </reporter-output>
        </test-method> <!-- afterMethod -->
      </class> <!-- testClasses.LoginPageTestClass -->
    </test> <!-- Default test -->
  </suite> <!-- Default suite -->
</testng-results>
